make all --print-data-base --no-builtin-variables --no-builtin-rules --question
# GNU Make 4.3
# Built for x86_64-pc-linux-gnu
# Copyright (C) 1988-2020 Free Software Foundation, Inc.
# License GPLv3+: GNU GPL version 3 or later <http://gnu.org/licenses/gpl.html>
# This is free software: you are free to change and redistribute it.
# There is NO WARRANTY, to the extent permitted by law.

# Make data base, printed on Sun Aug  7 11:16:01 2022

# Variables
 

# environment
GDK_BACKEND = x11
# environment
LC_ALL = C
# environment
NO_AT_BRIDGE = 1
# environment
GTK_RC_FILES = /etc/gtk/gtkrc:/home/master/.gtkrc:/home/master/.config/gtkrc
# makefile (from 'Makefile', line 8)
RELEASELDFLAGS = -lLLVM
# environment
KONSOLE_DBUS_SERVICE = :1.44
# environment
VSCODE_CWD = /home/master/src
# environment
GPG_TTY = /dev/pts/1
# environment
WINDOWID = 60817415
# default
MAKE_COMMAND := make
# automatic
@D = $(patsubst %/,%,$(dir $@))
# environment
KONSOLE_VERSION = 220403
# environment
VSCODE_HANDLES_UNCAUGHT_ERRORS = true
# default
.VARIABLES := 
# environment
PWD = /home/master/src/quark
# automatic
%D = $(patsubst %/,%,$(dir $%))
# environment
MAIL = /var/spool/mail/master
# environment
XDG_DATA_DIRS = /home/master/.local/share/flatpak/exports/share:/var/lib/flatpak/exports/share:/usr/local/share:/usr/share
# automatic
^D = $(patsubst %/,%,$(dir $^))
# automatic
%F = $(notdir $%)
# environment
VSCODE_CODE_CACHE_PATH = /home/master/.config/Code/CachedData/da76f93349a72022ca4670c1b84860304616aaa2
# environment
XDG_SESSION_PATH = /org/freedesktop/DisplayManager/Session1
# environment
LANG = C
# environment
XAUTHORITY = /home/master/.Xauthority
# default
.LOADED := 
# default
.INCLUDE_DIRS = /usr/include /usr/local/include /usr/include
# environment
COLORFGBG = 15;0
# makefile
MAKEFLAGS = pqrR
# makefile
CURDIR := /home/master/src/quark
# makefile (from 'Makefile', line 4)
DEBUGCXXFLAGS = -fsanitize=address,undefined -Og -ggdb3 -Iinclude -std=c++17 -Wall -Wextra -Wpedantic -lLLVM
# environment
APPLICATION_INSIGHTS_NO_DIAGNOSTIC_CHANNEL = true
# automatic
*D = $(patsubst %/,%,$(dir $*))
# environment
PAM_KWALLET5_LOGIN = /run/user/1000/kwallet5.socket
# environment
MFLAGS = -pqrR
# default
.SHELLFLAGS := -c
# environment
XDG_CONFIG_DIRS = /home/master/.config/kdedefaults:/etc/xdg
# automatic
+D = $(patsubst %/,%,$(dir $+))
# environment
XCURSOR_THEME = breeze_cursors
# environment
XDG_SESSION_DESKTOP = KDE
# makefile (from 'Makefile', line 1)
MAKEFILE_LIST := Makefile
# automatic
@F = $(notdir $@)
# environment
VSCODE_PID = 2068
# environment
XDG_SESSION_TYPE = x11
# automatic
?D = $(patsubst %/,%,$(dir $?))
 
# environment
SESSION_MANAGER = local/SOLARPC:@/tmp/.ICE-unix/822,unix/SOLARPC:/tmp/.ICE-unix/822
# automatic
*F = $(notdir $*)
# makefile (from 'Makefile', line 7)
DEBUGLDFLAGS = -fsanitize=address,undefined -lLLVM
# environment
CHROME_DESKTOP = code-url-handler.desktop
# environment
DBUS_SESSION_BUS_ADDRESS = unix:path=/run/user/1000/bus
# automatic
<D = $(patsubst %/,%,$(dir $<))
# environment
VSCODE_NLS_CONFIG = {"locale":"en-us","availableLanguages":{},"_languagePackSupport":true}
# default
MAKE_HOST := x86_64-pc-linux-gnu
# makefile (from 'Makefile', line 17)
OBJS := src/typing/type.o src/typing/arr_type.o src/typing/ptr_type.o src/ast/return.o src/ast/while.o src/ast/expr.o src/ast/call.o src/ast/for.o src/ast/function.o src/ast/un_op.o src/ast/label.o src/ast/var.o src/ast/extern_func.o src/ast/compound.o src/ast/goto.o src/ast/break.o src/ast/if.o src/ast/var_decl.o src/ast/bin_op.o src/ast/integer.o src/globals.o src/token.o src/lexer.o src/parser.o src/main.o
# makefile
SHELL = /bin/sh
# default
MAKECMDGOALS := all
# environment
SHLVL = 2
# environment
PROFILEHOME = 
# environment
MAKELEVEL := 0
# default
MAKE = $(MAKE_COMMAND)
# environment
PATH = /usr/bin:/home/master/.cargo/bin:/usr/local/sbin:/usr/local/bin:/usr/bin:/home/master/.local/share/flatpak/exports/bin:/usr/lib/jvm/default/bin:/usr/bin/site_perl:/usr/bin/vendor_perl:/usr/bin/core_perl:/home/master/opt/cross/bin:/home/master/src/quark
# default
MAKEFILES := 
# environment
LANGUAGE = 
# environment
MOTD_SHOWN = pam
# automatic
^F = $(notdir $^)
 
# environment
INVOCATION_ID = b7e0a30c213b429e958013175882e291
# makefile (from 'Makefile', line 5)
RELEASECXXFLAGS = -O3 -Iinclude -std=c++17 -Wall -Wextra -Wpedantic -lLLVM
# automatic
?F = $(notdir $?)
# environment
KDE_APPLICATIONS_AS_SCOPE = 1
# environment
XDG_SEAT = seat0
# environment
XDG_CURRENT_DESKTOP = KDE
# automatic
+F = $(notdir $+)
# environment
XDG_SEAT_PATH = /org/freedesktop/DisplayManager/Seat0
# environment
DESKTOP_SESSION = plasma
# environment
ORIGINAL_XDG_CURRENT_DESKTOP = KDE
# 'override' directive
GNUMAKEFLAGS := 
# makefile (from 'Makefile', line 1)
CXXC = g++
# environment
QT_SCREEN_SCALE_FACTORS = DP-0=1.5;DP-1=1.5;HDMI-0=1.5;DP-2=1.5;DP-3=1.5;DP-4=1.5;DP-5=1.5;USB-C-0=1.5;
# environment
LOGNAME = master
# environment
XDG_VTNR = 1
# makefile
.DEFAULT_GOAL := all
# environment
SYSTEMD_EXEC_PID = 822
# environment
DISPLAY = :0
# environment
GTK_MODULES = canberra-gtk-module
# environment
USER = master
# default
MAKE_VERSION := 4.3
 
# environment
KDE_SESSION_UID = 1000
# 'override' directive
.SHELLSTATUS := 0
# environment
KONSOLE_DBUS_SESSION = /Sessions/1
# environment
MANAGERPID = 742
# makefile (from 'Makefile', line 16)
CXXSOURCES := src/typing/type.cc src/typing/arr_type.cc src/typing/ptr_type.cc src/ast/return.cc src/ast/while.cc src/ast/expr.cc src/ast/call.cc src/ast/for.cc src/ast/function.cc src/ast/un_op.cc src/ast/label.cc src/ast/var.cc src/ast/extern_func.cc src/ast/compound.cc src/ast/goto.cc src/ast/break.cc src/ast/if.cc src/ast/var_decl.cc src/ast/bin_op.cc src/ast/integer.cc src/globals.cc src/token.cc src/lexer.cc src/parser.cc src/main.cc
# environment
_ = /usr/bin/make
# environment
XDG_RUNTIME_DIR = /run/user/1000
# environment
COLORTERM = truecolor
# environment
JOURNAL_STREAM = 8:33726
# environment
XDG_SESSION_CLASS = user
# environment
VSCODE_AMD_ENTRYPOINT = vs/workbench/api/node/extensionHostProcess
# environment
GTK2_RC_FILES = /etc/gtk-2.0/gtkrc:/home/master/.gtkrc-2.0:/home/master/.config/gtkrc-2.0
# environment
HOME = /home/master
# environment
ELECTRON_RUN_AS_NODE = 1
# environment
VSCODE_IPC_HOOK = /run/user/1000/vscode-41268c26-1.70.0-main.sock
# environment
TERM = xterm-256color
# environment
XDG_SESSION_ID = 2
# environment
XCURSOR_SIZE = 24
# default
.RECIPEPREFIX := 
# automatic
<F = $(notdir $<)
# default
SUFFIXES := 
 
# makefile (from 'Makefile', line 2)
LD = g++
# makefile (from 'Makefile', line 18)
TARGET = qrk
# environment
QT_AUTO_SCREEN_SCALE_FACTOR = 0
# environment
VSCODE_CLI = 1
# environment
ELECTRON_NO_ATTACH_CONSOLE = 1
# environment
SHELL_SESSION_ID = 7ba8c757c3404ca586ec4c87a9e506f3
# environment
KDE_SESSION_VERSION = 5
# default
.FEATURES := target-specific order-only second-expansion else-if shortest-stem undefine oneshell nocomment grouped-target extra-prereqs archives jobserver output-sync check-symlink guile load
# environment
KDE_FULL_SESSION = true
# variable set hash-table stats:
# Load=115/1024=11%, Rehash=0, Collisions=9/162=6%

# Pattern-specific Variable Values

# No pattern-specific variable values.

# Directories

# src (device 66308, inode 14699910): 13 files, no impossibilities so far.
# . (device 66308, inode 14422016): 17 files, no impossibilities.
# src/ast (device 66308, inode 14700419): 35 files, no impossibilities so far.
# src/typing (device 66308, inode 14699936): 5 files, no impossibilities so far.

# 70 files, no impossibilities in 4 directories.
 

# Implicit Rules

%.o: %.cc
#  recipe to execute (from 'Makefile', line 29):
	$(CXXC) $(CXXFLAGS) -c $< -o $@

# 1 implicit rules, 0 (0.0%) terminal.
# Files

src/ast/var.o: src/ast/var.cc
#  Implicit rule search has been done.
#  Implicit/static pattern stem: 'src/ast/var'
#  Last modified 2022-08-07 00:09:23.539154264
#  File has been updated.
#  Successfully updated.
#  recipe to execute (from 'Makefile', line 29):
	$(CXXC) $(CXXFLAGS) -c $< -o $@

# Not a target:
src/globals.cc:
#  Implicit rule search has been done.
#  Last modified 2022-08-06 22:14:20.948975346
#  File has been updated.
#  Successfully updated.

# Not a target:
src/ast/while.cc:
#  Implicit rule search has been done.
#  Last modified 2022-08-06 18:26:40.665286249
#  File has been updated.
 
#  Successfully updated.

src/ast/function.o: src/ast/function.cc
#  Implicit rule search has been done.
#  Implicit/static pattern stem: 'src/ast/function'
#  Last modified 2022-08-07 00:09:24.13915428
#  File has been updated.
#  Successfully updated.
#  recipe to execute (from 'Makefile', line 29):
	$(CXXC) $(CXXFLAGS) -c $< -o $@

src/globals.o: src/globals.cc
#  Implicit rule search has been done.
#  Implicit/static pattern stem: 'src/globals'
#  Last modified 2022-08-07 00:09:23.275820925
#  File has been updated.
#  Successfully updated.
#  recipe to execute (from 'Makefile', line 29):
	$(CXXC) $(CXXFLAGS) -c $< -o $@

# Not a target:
src/token.cc:
#  Implicit rule search has been done.
#  Last modified 2022-08-06 15:05:23.204973187
#  File has been updated.
#  Successfully updated.

src/ast/compound.o: src/ast/compound.cc
#  Implicit rule search has been done.
#  Implicit/static pattern stem: 'src/ast/compound'
#  Last modified 2022-08-07 00:09:23.039154251
#  File has been updated.
#  Successfully updated.
#  recipe to execute (from 'Makefile', line 29):
	$(CXXC) $(CXXFLAGS) -c $< -o $@
 

# makefile (from 'Makefile', line 13)
debug: CXXFLAGS = $(DEBUGCXXFLAGS)
# makefile (from 'Makefile', line 14)
debug: LDFLAGS = $(DEBUGLDFLAGS)
debug: src/typing/type.o src/typing/arr_type.o src/typing/ptr_type.o src/ast/return.o src/ast/while.o src/ast/expr.o src/ast/call.o src/ast/for.o src/ast/function.o src/ast/un_op.o src/ast/label.o src/ast/var.o src/ast/extern_func.o src/ast/compound.o src/ast/goto.o src/ast/break.o src/ast/if.o src/ast/var_decl.o src/ast/bin_op.o src/ast/integer.o src/globals.o src/token.o src/lexer.o src/parser.o src/main.o
#  Implicit rule search has not been done.
#  Implicit/static pattern stem: ''
#  File does not exist.
#  File has been updated.
#  Needs to be updated (-q is set).
# automatic
# @ := debug
# automatic
# * := 
# automatic
# < := src/typing/type.o
# automatic
# + := src/typing/type.o src/typing/arr_type.o src/typing/ptr_type.o src/ast/return.o src/ast/while.o src/ast/expr.o src/ast/call.o src/ast/for.o src/ast/function.o src/ast/un_op.o src/ast/label.o src/ast/var.o src/ast/extern_func.o src/ast/compound.o src/ast/goto.o src/ast/break.o src/ast/if.o src/ast/var_decl.o src/ast/bin_op.o src/ast/integer.o src/globals.o src/token.o src/lexer.o src/parser.o src/main.o
# automatic
# % := 
# automatic
# ^ := src/typing/type.o src/typing/arr_type.o src/typing/ptr_type.o src/ast/return.o src/ast/while.o src/ast/expr.o src/ast/call.o src/ast/for.o src/ast/function.o src/ast/un_op.o src/ast/label.o src/ast/var.o src/ast/extern_func.o src/ast/compound.o src/ast/goto.o src/ast/break.o src/ast/if.o src/ast/var_decl.o src/ast/bin_op.o src/ast/integer.o src/globals.o src/token.o src/lexer.o src/parser.o src/main.o
# automatic
# ? := src/typing/type.o src/typing/arr_type.o src/typing/ptr_type.o src/ast/return.o src/ast/while.o src/ast/expr.o src/ast/call.o src/ast/for.o src/ast/function.o src/ast/un_op.o src/ast/label.o src/ast/var.o src/ast/extern_func.o src/ast/compound.o src/ast/goto.o src/ast/break.o src/ast/if.o src/ast/var_decl.o src/ast/bin_op.o src/ast/integer.o src/globals.o src/token.o src/lexer.o src/parser.o src/main.o
# automatic
# | := 
# variable set hash-table stats:
 
# Load=10/32=31%, Rehash=0, Collisions=2/19=11%
#  recipe to execute (from 'Makefile', line 26):
	$(LD) $(LDFLAGS) $^ -o $(TARGET)

src/ast/integer.o: src/ast/integer.cc
#  Implicit rule search has been done.
#  Implicit/static pattern stem: 'src/ast/integer'
#  Last modified 2022-08-07 00:09:22.999154252
#  File has been updated.
#  Successfully updated.
#  recipe to execute (from 'Makefile', line 29):
	$(CXXC) $(CXXFLAGS) -c $< -o $@

# Not a target:
Makefile:
#  Implicit rule search has been done.
#  Last modified 2022-08-07 00:09:08.445820541
#  File has been updated.
#  Successfully updated.

# Not a target:
src/ast/var_decl.cc:
#  Implicit rule search has been done.
#  Last modified 2022-08-07 00:05:39.669148463
#  File has been updated.
#  Successfully updated.

src/ast/un_op.o: src/ast/un_op.cc
#  Implicit rule search has been done.
#  Implicit/static pattern stem: 'src/ast/un_op'
#  Last modified 2022-08-07 00:09:23.77915427
#  File has been updated.
#  Successfully updated.
#  recipe to execute (from 'Makefile', line 29):
	$(CXXC) $(CXXFLAGS) -c $< -o $@

# Not a target:
src/ast/break.cc:
#  Implicit rule search has been done.
#  Last modified 2022-08-06 01:07:24.906739689
#  File has been updated.
#  Successfully updated.

# Not a target:
src/ast/bin_op.cc:
#  Implicit rule search has been done.
#  Last modified 2022-08-06 23:53:18.999129261
#  File has been updated.
#  Successfully updated.

# Not a target:
src/ast/extern_func.cc:
#  Implicit rule search has been done.
#  Last modified 2022-08-06 18:28:14.998622027
#  File has been updated.
#  Successfully updated.

# Not a target:
src/ast/for.cc:
#  Implicit rule search has been done.
#  Last modified 2022-08-06 18:27:52.17195477
#  File has been updated.
#  Successfully updated.

src/ast/var_decl.o: src/ast/var_decl.cc
#  Implicit rule search has been done.
#  Implicit/static pattern stem: 'src/ast/var_decl'
#  Last modified 2022-08-07 00:09:24.10915428
#  File has been updated.
#  Successfully updated.
#  recipe to execute (from 'Makefile', line 29):
	$(CXXC) $(CXXFLAGS) -c $< -o $@

clean:
#  Implicit rule search has not been done.
#  Modification time never checked.
#  File has not been updated.
#  recipe to execute (from 'Makefile', line 32):
	rm -rf $(OBJS) $(TARGET)

# Not a target:
src/ast/if.cc:
#  Implicit rule search has been done.
 
#  Last modified 2022-08-06 18:27:10.761953696
#  File has been updated.
#  Successfully updated.

# Not a target:
src/lexer.cc:
#  Implicit rule search has been done.
#  Last modified 2022-08-07 00:06:30.152483104
#  File has been updated.
#  Successfully updated.

# Not a target:
src/ast/integer.cc:
#  Implicit rule search has been done.
#  Last modified 2022-08-06 18:27:05.908620237
#  File has been updated.
#  Successfully updated.

src/ast/while.o: src/ast/while.cc
#  Implicit rule search has been done.
#  Implicit/static pattern stem: 'src/ast/while'
#  Last modified 2022-08-07 00:09:23.469154264
#  File has been updated.
#  Successfully updated.
#  recipe to execute (from 'Makefile', line 29):
	$(CXXC) $(CXXFLAGS) -c $< -o $@

# Not a target:
src/ast/function.cc:
#  Implicit rule search has been done.
#  Last modified 2022-08-06 18:50:33.311990053
#  File has been updated.
#  Successfully updated.

src/ast/bin_op.o: src/ast/bin_op.cc
#  Implicit rule search has been done.
#  Implicit/static pattern stem: 'src/ast/bin_op'
#  Last modified 2022-08-07 00:09:24.009154278
#  File has been updated.
#  Successfully updated.
#  recipe to execute (from 'Makefile', line 29):
	$(CXXC) $(CXXFLAGS) -c $< -o $@

src/ast/label.o: src/ast/label.cc
#  Implicit rule search has been done.
 
#  Implicit/static pattern stem: 'src/ast/label'
#  Last modified 2022-08-07 00:09:23.425820929
#  File has been updated.
#  Successfully updated.
#  recipe to execute (from 'Makefile', line 29):
	$(CXXC) $(CXXFLAGS) -c $< -o $@

src/lexer.o: src/lexer.cc
#  Implicit rule search has been done.
#  Implicit/static pattern stem: 'src/lexer'
#  Last modified 2022-08-07 00:09:21.099154202
#  File has been updated.
#  Successfully updated.
#  recipe to execute (from 'Makefile', line 29):
	$(CXXC) $(CXXFLAGS) -c $< -o $@

# Not a target:
src/ast/return.cc:
#  Implicit rule search has been done.
#  Last modified 2022-08-06 18:44:52.111981209
#  File has been updated.
#  Successfully updated.

 
src/ast/expr.o: src/ast/expr.cc
#  Implicit rule search has been done.
#  Implicit/static pattern stem: 'src/ast/expr'
#  Last modified 2022-08-07 00:09:23.199154256
#  File has been updated.
#  Successfully updated.
#  recipe to execute (from 'Makefile', line 29):
	$(CXXC) $(CXXFLAGS) -c $< -o $@

# Not a target:
src/typing/ptr_type.cc:
#  Implicit rule search has been done.
#  Last modified 2022-08-06 19:10:07.198687149
#  File has been updated.
#  Successfully updated.

src/ast/for.o: src/ast/for.cc
#  Implicit rule search has been done.
#  Implicit/static pattern stem: 'src/ast/for'
#  Last modified 2022-08-07 00:09:23.545820932
#  File has been updated.
#  Successfully updated.
#  recipe to execute (from 'Makefile', line 29):
	$(CXXC) $(CXXFLAGS) -c $< -o $@

src/ast/extern_func.o: src/ast/extern_func.cc
 
#  Implicit rule search has been done.
#  Implicit/static pattern stem: 'src/ast/extern_func'
#  Last modified 2022-08-07 00:09:23.359154261
#  File has been updated.
#  Successfully updated.
#  recipe to execute (from 'Makefile', line 29):
	$(CXXC) $(CXXFLAGS) -c $< -o $@

# Not a target:
src/typing/type.cc:
#  Implicit rule search has been done.
#  Last modified 2022-08-06 19:09:14.355352446
#  File has been updated.
#  Successfully updated.

src/main.o: src/main.cc
#  Implicit rule search has been done.
#  Implicit/static pattern stem: 'src/main'
#  Last modified 2022-08-07 00:09:24.179154282
#  File has been updated.
#  Successfully updated.
#  recipe to execute (from 'Makefile', line 29):
	$(CXXC) $(CXXFLAGS) -c $< -o $@

# Not a target:
src/parser.cc:
#  Implicit rule search has been done.
 
#  Last modified 2022-08-07 00:08:22.065819337
#  File has been updated.
#  Successfully updated.

src/ast/goto.o: src/ast/goto.cc
#  Implicit rule search has been done.
#  Implicit/static pattern stem: 'src/ast/goto'
#  Last modified 2022-08-07 00:09:23.102487588
#  File has been updated.
#  Successfully updated.
#  recipe to execute (from 'Makefile', line 29):
	$(CXXC) $(CXXFLAGS) -c $< -o $@

# Not a target:
.DEFAULT:
#  Implicit rule search has not been done.
#  Modification time never checked.
#  File has not been updated.

src/token.o: src/token.cc
#  Implicit rule search has been done.
#  Implicit/static pattern stem: 'src/token'
#  Last modified 2022-08-07 00:09:19.069154148
#  File has been updated.
#  Successfully updated.
#  recipe to execute (from 'Makefile', line 29):
	$(CXXC) $(CXXFLAGS) -c $< -o $@

src/parser.o: src/parser.cc
#  Implicit rule search has been done.
#  Implicit/static pattern stem: 'src/parser'
 
#  Last modified 2022-08-07 00:09:26.122487666
#  File has been updated.
#  Successfully updated.
#  recipe to execute (from 'Makefile', line 29):
	$(CXXC) $(CXXFLAGS) -c $< -o $@

# Not a target:
src/main.cc:
#  Implicit rule search has been done.
#  Last modified 2022-08-06 18:45:53.35531613
#  File has been updated.
#  Successfully updated.

all: debug
#  Command line target.
#  Implicit rule search has been done.
#  File does not exist.
#  File has been updated.
#  Needs to be updated (-q is set).
# variable set hash-table stats:
# Load=0/32=0%, Rehash=0, Collisions=0/6=0%

# Not a target:
src/ast/label.cc:
#  Implicit rule search has been done.
 
#  Last modified 2022-08-06 01:21:56.516716286
#  File has been updated.
#  Successfully updated.

# Not a target:
src/typing/arr_type.cc:
#  Implicit rule search has been done.
#  Last modified 2022-08-07 00:01:12.589141539
#  File has been updated.
#  Successfully updated.

src/typing/ptr_type.o: src/typing/ptr_type.cc
#  Implicit rule search has been done.
#  Implicit/static pattern stem: 'src/typing/ptr_type'
#  Last modified 2022-08-07 00:09:23.015820918
#  File has been updated.
#  Successfully updated.
#  recipe to execute (from 'Makefile', line 29):
	$(CXXC) $(CXXFLAGS) -c $< -o $@

src/ast/break.o: src/ast/break.cc
#  Implicit rule search has been done.
#  Implicit/static pattern stem: 'src/ast/break'
#  Last modified 2022-08-07 00:09:23.425820929
#  File has been updated.
#  Successfully updated.
#  recipe to execute (from 'Makefile', line 29):
 
	$(CXXC) $(CXXFLAGS) -c $< -o $@

src/ast/call.o: src/ast/call.cc
#  Implicit rule search has been done.
#  Implicit/static pattern stem: 'src/ast/call'
#  Last modified 2022-08-07 00:09:24.009154278
#  File has been updated.
#  Successfully updated.
#  recipe to execute (from 'Makefile', line 29):
	$(CXXC) $(CXXFLAGS) -c $< -o $@

# Not a target:
src/ast/goto.cc:
#  Implicit rule search has been done.
#  Last modified 2022-08-06 01:14:53.410060981
#  File has been updated.
#  Successfully updated.

# Not a target:
src/ast/call.cc:
#  Implicit rule search has been done.
#  Last modified 2022-08-06 18:26:00.41861854
#  File has been updated.
#  Successfully updated.

# Not a target:
src/ast/un_op.cc:
#  Implicit rule search has been done.
 
#  Last modified 2022-08-06 21:04:16.175532444
#  File has been updated.
#  Successfully updated.

# Not a target:
src/ast/expr.cc:
#  Implicit rule search has been done.
#  Last modified 2022-08-01 12:28:28.599958887
#  File has been updated.
#  Successfully updated.

src/typing/arr_type.o: src/typing/arr_type.cc
#  Implicit rule search has been done.
#  Implicit/static pattern stem: 'src/typing/arr_type'
#  Last modified 2022-08-07 00:09:23.142487588
#  File has been updated.
#  Successfully updated.
#  recipe to execute (from 'Makefile', line 29):
	$(CXXC) $(CXXFLAGS) -c $< -o $@

src/ast/return.o: src/ast/return.cc
#  Implicit rule search has been done.
#  Implicit/static pattern stem: 'src/ast/return'
#  Last modified 2022-08-07 00:09:23.445820929
#  File has been updated.
#  Successfully updated.
#  recipe to execute (from 'Makefile', line 29):
	$(CXXC) $(CXXFLAGS) -c $< -o $@

 
example: qrk
#  Implicit rule search has not been done.
#  Modification time never checked.
#  File has not been updated.
#  recipe to execute (from 'Makefile', line 35):
	./$(TARGET) example.qrk

# makefile (from 'Makefile', line 10)
release: CXXFLAGS = $(RELEASECXXFLAGS)
# makefile (from 'Makefile', line 11)
release: LDFLAGS = $(RELEASELDFLAGS)
release: src/typing/type.o src/typing/arr_type.o src/typing/ptr_type.o src/ast/return.o src/ast/while.o src/ast/expr.o src/ast/call.o src/ast/for.o src/ast/function.o src/ast/un_op.o src/ast/label.o src/ast/var.o src/ast/extern_func.o src/ast/compound.o src/ast/goto.o src/ast/break.o src/ast/if.o src/ast/var_decl.o src/ast/bin_op.o src/ast/integer.o src/globals.o src/token.o src/lexer.o src/parser.o src/main.o
#  Implicit rule search has not been done.
#  Modification time never checked.
#  File has not been updated.
# variable set hash-table stats:
 
# Load=2/32=6%, Rehash=0, Collisions=0/3=0%
#  recipe to execute (from 'Makefile', line 23):
	$(LD) $(LDFLAGS) $^ -o $(TARGET)

# Not a target:
src/ast/compound.cc:
#  Implicit rule search has been done.
#  Last modified 2022-08-03 13:00:34.041232068
#  File has been updated.
#  Successfully updated.

# Not a target:
.SUFFIXES:
#  Implicit rule search has not been done.
#  Modification time never checked.
#  File has not been updated.

src/typing/type.o: src/typing/type.cc
#  Implicit rule search has been done.
#  Implicit/static pattern stem: 'src/typing/type'
#  Last modified 2022-08-07 00:09:23.725820937
#  File has been updated.
#  Successfully updated.
#  recipe to execute (from 'Makefile', line 29):
	$(CXXC) $(CXXFLAGS) -c $< -o $@

# Not a target:
src/ast/var.cc:
#  Implicit rule search has been done.
 
#  Last modified 2022-08-06 13:20:27.698143303
#  File has been updated.
#  Successfully updated.

src/ast/if.o: src/ast/if.cc
#  Implicit rule search has been done.
#  Implicit/static pattern stem: 'src/ast/if'
#  Last modified 2022-08-07 00:09:23.605820934
#  File has been updated.
#  Successfully updated.
#  recipe to execute (from 'Makefile', line 29):
	$(CXXC) $(CXXFLAGS) -c $< -o $@

# Not a target:
qrk:
#  Implicit rule search has not been done.
#  Modification time never checked.
#  File has not been updated.

# files hash-table stats:
# Load=59/1024=6%, Rehash=0, Collisions=10/204=5%
# VPATH Search Paths

# No 'vpath' search paths.

# No general ('VPATH' variable) search path.

# strcache buffers: 1 (0) / strings = 154 / storage = 1888 B / avg = 12 B
# current buf: size = 8162 B / used = 1888 B / count = 154 / avg = 12 B
 

# strcache performance: lookups = 228 / hit rate = 32%
# hash-table stats:
# Load=154/8192=2%, Rehash=0, Collisions=4/228=2%
# Finished Make data base on Sun Aug  7 11:16:01 2022

 
